c:\users\cvanvranken\gits\akka-serial\native\src\debug\akkaserial1.lib
c:\users\cvanvranken\gits\akka-serial\native\src\debug\akkaserial1.exp
c:\users\cvanvranken\gits\akka-serial\native\src\akkaserial1.dir\debug\vc142.pdb
c:\users\cvanvranken\gits\akka-serial\native\src\akkaserial1.dir\debug\vc142.idb
c:\users\cvanvranken\gits\akka-serial\native\src\akkaserial1.dir\debug\akka_serial.obj
c:\users\cvanvranken\gits\akka-serial\native\src\akkaserial1.dir\debug\akka_serial_jni.obj
c:\users\cvanvranken\gits\akka-serial\native\src\cmakefiles\generate.stamp
c:\users\cvanvranken\gits\akka-serial\native\src\debug\akkaserial1.ilk
c:\users\cvanvranken\gits\akka-serial\native\src\debug\akkaserial1.dll
c:\users\cvanvranken\gits\akka-serial\native\src\debug\akkaserial1.pdb
c:\users\cvanvranken\gits\akka-serial\native\src\akkaserial1.dir\debug\akkaserial1.tlog\akkaserial1.write.1u.tlog
c:\users\cvanvranken\gits\akka-serial\native\src\akkaserial1.dir\debug\akkaserial1.tlog\cl.command.1.tlog
c:\users\cvanvranken\gits\akka-serial\native\src\akkaserial1.dir\debug\akkaserial1.tlog\cl.read.1.tlog
c:\users\cvanvranken\gits\akka-serial\native\src\akkaserial1.dir\debug\akkaserial1.tlog\cl.write.1.tlog
c:\users\cvanvranken\gits\akka-serial\native\src\akkaserial1.dir\debug\akkaserial1.tlog\custombuild.command.1.tlog
c:\users\cvanvranken\gits\akka-serial\native\src\akkaserial1.dir\debug\akkaserial1.tlog\custombuild.read.1.tlog
c:\users\cvanvranken\gits\akka-serial\native\src\akkaserial1.dir\debug\akkaserial1.tlog\custombuild.write.1.tlog
c:\users\cvanvranken\gits\akka-serial\native\src\akkaserial1.dir\debug\akkaserial1.tlog\link.command.1.tlog
c:\users\cvanvranken\gits\akka-serial\native\src\akkaserial1.dir\debug\akkaserial1.tlog\link.read.1.tlog
c:\users\cvanvranken\gits\akka-serial\native\src\akkaserial1.dir\debug\akkaserial1.tlog\link.write.1.tlog
